**********************************************
* Logging started at Thu Dec 17 17:49:12 2020
* By pfc2d Version 6.00 Release 027
* 
* 
* Job Title: 
**********************************************
pfc2d>program log-file 'simulation_log.txt'
**********************************************
* Logging ended at Thu Dec 17 17:49:12 2020
**********************************************
**********************************************
* Logging started at Fri Dec 18 16:56:34 2020
* By pfc2d Version 6.00 Release 027
* 
* 
* Job Title: 
**********************************************
pfc2d>program log-file 'simulation_log.txt'
**********************************************
* Logging ended at Fri Dec 18 16:56:34 2020
**********************************************
**********************************************
* Logging started at Fri Apr 9 21:07:48 2021
* By pfc2d Version 6.00 Release 027
* 
* 
* Job Title: 
**********************************************
pfc2d>program log-file 'simulation_log.txt'
**********************************************
* Logging ended at Fri Apr 9 21:07:48 2021
**********************************************
**********************************************
* Logging started at Sat Apr 10 16:27:50 2021
* By pfc2d Version 6.00 Release 027
* 
* 
* Job Title: 
**********************************************
pfc2d>program log-file 'simulation_log.txt'
**********************************************
* Logging ended at Sat Apr 10 16:27:50 2021
**********************************************
**********************************************
* Logging started at Sat Apr 10 21:22:08 2021
* By pfc2d Version 6.00 Release 027
* 
* 
* Job Title: 
**********************************************
pfc2d>program log-file 'simulation_log.txt'
**********************************************
* Logging ended at Sat Apr 10 21:22:08 2021
**********************************************
**********************************************
* Logging started at Mon Apr 12 10:46:02 2021
* By pfc2d Version 6.00 Release 027
* 
* 
* Job Title: 
**********************************************
pfc2d>program log-file 'simulation_log.txt'
**********************************************
* Logging ended at Mon Apr 12 10:46:02 2021
**********************************************
